2026-07-15 09:11:49,675 INFO o.a.j.u.JMeterUtils: Setting Locale to en_EN
2026-07-15 09:11:49,687 INFO o.a.j.JMeter: Loading user properties from: /opt/homebrew/Cellar/jmeter/5.6.3/libexec/bin/user.properties
2026-07-15 09:11:49,687 INFO o.a.j.JMeter: Loading system properties from: /opt/homebrew/Cellar/jmeter/5.6.3/libexec/bin/system.properties
2026-07-15 09:11:49,690 INFO o.a.j.JMeter: Copyright (c) 1998-2024 The Apache Software Foundation
2026-07-15 09:11:49,690 INFO o.a.j.JMeter: Version 5.6.3
2026-07-15 09:11:49,690 INFO o.a.j.JMeter: java.version=21.0.11
2026-07-15 09:11:49,690 INFO o.a.j.JMeter: java.vm.name=OpenJDK 64-Bit Server VM
2026-07-15 09:11:49,690 INFO o.a.j.JMeter: os.name=Mac OS X
2026-07-15 09:11:49,690 INFO o.a.j.JMeter: os.arch=aarch64
2026-07-15 09:11:49,690 INFO o.a.j.JMeter: os.version=26.5.1
2026-07-15 09:11:49,690 INFO o.a.j.JMeter: file.encoding=UTF-8
2026-07-15 09:11:49,690 INFO o.a.j.JMeter: java.awt.headless=null
2026-07-15 09:11:49,690 INFO o.a.j.JMeter: Max memory     =1073741824
2026-07-15 09:11:49,690 INFO o.a.j.JMeter: Available Processors =8
2026-07-15 09:11:49,695 INFO o.a.j.JMeter: Default Locale=English (EN)
2026-07-15 09:11:49,695 INFO o.a.j.JMeter: JMeter  Locale=English (EN)
2026-07-15 09:11:49,695 INFO o.a.j.JMeter: JMeterHome=/opt/homebrew/Cellar/jmeter/5.6.3/libexec
2026-07-15 09:11:49,695 INFO o.a.j.JMeter: user.dir  =/Users/tiennt/Desktop/HK9-2025-2026/TESTING/performance_testing
2026-07-15 09:11:49,695 INFO o.a.j.JMeter: PWD       =/Users/tiennt/Desktop/HK9-2025-2026/TESTING/performance_testing
2026-07-15 09:11:49,698 INFO o.a.j.JMeter: IP: 127.0.0.1 Name: MacBook-Pro-cua-Tipie.local FullName: localhost
